Determining if the pthread_create exist failed with the following output:
Change Dir: /home/kiran/rosbuild_ws/package_dir/rosbag_modifier/build/CMakeFiles/CMakeTmp

Run Build Command:/usr/bin/make "cmTryCompileExec179686255/fast"
/usr/bin/make -f CMakeFiles/cmTryCompileExec179686255.dir/build.make CMakeFiles/cmTryCompileExec179686255.dir/build
make[1]: Entering directory `/home/kiran/rosbuild_ws/package_dir/rosbag_modifier/build/CMakeFiles/CMakeTmp'
/usr/bin/cmake -E cmake_progress_report /home/kiran/rosbuild_ws/package_dir/rosbag_modifier/build/CMakeFiles/CMakeTmp/CMakeFiles 1
Building C object CMakeFiles/cmTryCompileExec179686255.dir/CheckSymbolExists.c.o
/usr/bin/cc    -o CMakeFiles/cmTryCompileExec179686255.dir/CheckSymbolExists.c.o   -c /home/kiran/rosbuild_ws/package_dir/rosbag_modifier/build/CMakeFiles/CMakeTmp/CheckSymbolExists.c
Linking C executable cmTryCompileExec179686255
/usr/bin/cmake -E cmake_link_script CMakeFiles/cmTryCompileExec179686255.dir/link.txt --verbose=1
/usr/bin/cc       CMakeFiles/cmTryCompileExec179686255.dir/CheckSymbolExists.c.o  -o cmTryCompileExec179686255 -rdynamic 
CMakeFiles/cmTryCompileExec179686255.dir/CheckSymbolExists.c.o: In function `main':
CheckSymbolExists.c:(.text+0x16): undefined reference to `pthread_create'
collect2: error: ld returned 1 exit status
make[1]: *** [cmTryCompileExec179686255] Error 1
make[1]: Leaving directory `/home/kiran/rosbuild_ws/package_dir/rosbag_modifier/build/CMakeFiles/CMakeTmp'
make: *** [cmTryCompileExec179686255/fast] Error 2

File /home/kiran/rosbuild_ws/package_dir/rosbag_modifier/build/CMakeFiles/CMakeTmp/CheckSymbolExists.c:
/* */
#include <pthread.h>

int main(int argc, char** argv)
{
  (void)argv;
#ifndef pthread_create
  return ((int*)(&pthread_create))[argc];
#else
  (void)argc;
  return 0;
#endif
}

Determining if the function pthread_create exists in the pthreads failed with the following output:
Change Dir: /home/kiran/rosbuild_ws/package_dir/rosbag_modifier/build/CMakeFiles/CMakeTmp

Run Build Command:/usr/bin/make "cmTryCompileExec1410234585/fast"
/usr/bin/make -f CMakeFiles/cmTryCompileExec1410234585.dir/build.make CMakeFiles/cmTryCompileExec1410234585.dir/build
make[1]: Entering directory `/home/kiran/rosbuild_ws/package_dir/rosbag_modifier/build/CMakeFiles/CMakeTmp'
/usr/bin/cmake -E cmake_progress_report /home/kiran/rosbuild_ws/package_dir/rosbag_modifier/build/CMakeFiles/CMakeTmp/CMakeFiles 1
Building C object CMakeFiles/cmTryCompileExec1410234585.dir/CheckFunctionExists.c.o
/usr/bin/cc   -DCHECK_FUNCTION_EXISTS=pthread_create   -o CMakeFiles/cmTryCompileExec1410234585.dir/CheckFunctionExists.c.o   -c /usr/share/cmake-2.8/Modules/CheckFunctionExists.c
Linking C executable cmTryCompileExec1410234585
/usr/bin/cmake -E cmake_link_script CMakeFiles/cmTryCompileExec1410234585.dir/link.txt --verbose=1
/usr/bin/cc   -DCHECK_FUNCTION_EXISTS=pthread_create    CMakeFiles/cmTryCompileExec1410234585.dir/CheckFunctionExists.c.o  -o cmTryCompileExec1410234585 -rdynamic -lpthreads 
/usr/bin/ld: cannot find -lpthreads
collect2: error: ld returned 1 exit status
make[1]: *** [cmTryCompileExec1410234585] Error 1
make[1]: Leaving directory `/home/kiran/rosbuild_ws/package_dir/rosbag_modifier/build/CMakeFiles/CMakeTmp'
make: *** [cmTryCompileExec1410234585/fast] Error 2


